<?xml version="1.0" encoding="UTF-8"?>
<testsuite xmlns:xsi="http://www.w3.org/2001/XMLSchema-instance" xsi:noNamespaceSchemaLocation="https://maven.apache.org/surefire/maven-surefire-plugin/xsd/surefire-test-report-3.0.xsd" version="3.0" name="com.ibm.jgroupsig.GL19Test" time="0.418" tests="20" errors="0" skipped="0" failures="0">
  <properties>
    <property name="java.specification.version" value="21"/>
    <property name="sun.jnu.encoding" value="UTF-8"/>
    <property name="java.class.path" value="/home/lallo/uni/fbk/libgroupsig/src/wrappers/java/jgroupsig/java/target/test-classes:/home/lallo/uni/fbk/libgroupsig/src/wrappers/java/jgroupsig/java/target/classes:/home/lallo/.m2/repository/org/junit/jupiter/junit-jupiter-api/5.4.2/junit-jupiter-api-5.4.2.jar:/home/lallo/.m2/repository/org/apiguardian/apiguardian-api/1.0.0/apiguardian-api-1.0.0.jar:/home/lallo/.m2/repository/org/opentest4j/opentest4j/1.1.1/opentest4j-1.1.1.jar:/home/lallo/.m2/repository/org/junit/platform/junit-platform-commons/1.4.2/junit-platform-commons-1.4.2.jar:/home/lallo/.m2/repository/org/junit/jupiter/junit-jupiter-engine/5.4.2/junit-jupiter-engine-5.4.2.jar:/home/lallo/.m2/repository/org/junit/platform/junit-platform-engine/1.4.2/junit-platform-engine-1.4.2.jar:/home/lallo/.m2/repository/org/jacoco/jacoco-maven-plugin/0.8.3/jacoco-maven-plugin-0.8.3.jar:/home/lallo/.m2/repository/org/apache/maven/maven-plugin-api/3.0/maven-plugin-api-3.0.jar:/home/lallo/.m2/repository/org/apache/maven/maven-model/3.0/maven-model-3.0.jar:/home/lallo/.m2/repository/org/apache/maven/maven-artifact/3.0/maven-artifact-3.0.jar:/home/lallo/.m2/repository/org/sonatype/sisu/sisu-inject-plexus/1.4.2/sisu-inject-plexus-1.4.2.jar:/home/lallo/.m2/repository/org/sonatype/sisu/sisu-inject-bean/1.4.2/sisu-inject-bean-1.4.2.jar:/home/lallo/.m2/repository/org/sonatype/sisu/sisu-guice/2.1.7/sisu-guice-2.1.7-noaop.jar:/home/lallo/.m2/repository/org/apache/maven/maven-core/3.0/maven-core-3.0.jar:/home/lallo/.m2/repository/org/apache/maven/maven-settings/3.0/maven-settings-3.0.jar:/home/lallo/.m2/repository/org/apache/maven/maven-settings-builder/3.0/maven-settings-builder-3.0.jar:/home/lallo/.m2/repository/org/apache/maven/maven-repository-metadata/3.0/maven-repository-metadata-3.0.jar:/home/lallo/.m2/repository/org/apache/maven/maven-model-builder/3.0/maven-model-builder-3.0.jar:/home/lallo/.m2/repository/org/apache/maven/maven-aether-provider/3.0/maven-aether-provider-3.0.jar:/home/lallo/.m2/repository/org/sonatype/aether/aether-impl/1.7/aether-impl-1.7.jar:/home/lallo/.m2/repository/org/sonatype/aether/aether-spi/1.7/aether-spi-1.7.jar:/home/lallo/.m2/repository/org/sonatype/aether/aether-api/1.7/aether-api-1.7.jar:/home/lallo/.m2/repository/org/sonatype/aether/aether-util/1.7/aether-util-1.7.jar:/home/lallo/.m2/repository/org/codehaus/plexus/plexus-interpolation/1.14/plexus-interpolation-1.14.jar:/home/lallo/.m2/repository/org/codehaus/plexus/plexus-classworlds/2.2.3/plexus-classworlds-2.2.3.jar:/home/lallo/.m2/repository/org/codehaus/plexus/plexus-component-annotations/1.5.5/plexus-component-annotations-1.5.5.jar:/home/lallo/.m2/repository/org/sonatype/plexus/plexus-sec-dispatcher/1.3/plexus-sec-dispatcher-1.3.jar:/home/lallo/.m2/repository/org/sonatype/plexus/plexus-cipher/1.4/plexus-cipher-1.4.jar:/home/lallo/.m2/repository/org/codehaus/plexus/plexus-utils/3.0.22/plexus-utils-3.0.22.jar:/home/lallo/.m2/repository/org/apache/maven/shared/file-management/1.2.1/file-management-1.2.1.jar:/home/lallo/.m2/repository/org/apache/maven/shared/maven-shared-io/1.1/maven-shared-io-1.1.jar:/home/lallo/.m2/repository/org/apache/maven/maven-artifact-manager/2.0.2/maven-artifact-manager-2.0.2.jar:/home/lallo/.m2/repository/org/apache/maven/wagon/wagon-provider-api/1.0-alpha-6/wagon-provider-api-1.0-alpha-6.jar:/home/lallo/.m2/repository/org/codehaus/plexus/plexus-container-default/1.0-alpha-9/plexus-container-default-1.0-alpha-9.jar:/home/lallo/.m2/repository/junit/junit/3.8.1/junit-3.8.1.jar:/home/lallo/.m2/repository/classworlds/classworlds/1.1-alpha-2/classworlds-1.1-alpha-2.jar:/home/lallo/.m2/repository/org/apache/maven/reporting/maven-reporting-api/3.0/maven-reporting-api-3.0.jar:/home/lallo/.m2/repository/org/apache/maven/doxia/doxia-sink-api/1.0/doxia-sink-api-1.0.jar:/home/lallo/.m2/repository/org/apache/maven/reporting/maven-reporting-impl/2.1/maven-reporting-impl-2.1.jar:/home/lallo/.m2/repository/org/apache/maven/maven-project/2.0.10/maven-project-2.0.10.jar:/home/lallo/.m2/repository/org/apache/maven/maven-profile/2.0.10/maven-profile-2.0.10.jar:/home/lallo/.m2/repository/org/apache/maven/maven-plugin-registry/2.0.10/maven-plugin-registry-2.0.10.jar:/home/lallo/.m2/repository/org/apache/maven/doxia/doxia-core/1.1.2/doxia-core-1.1.2.jar:/home/lallo/.m2/repository/org/apache/maven/doxia/doxia-logging-api/1.1.2/doxia-logging-api-1.1.2.jar:/home/lallo/.m2/repository/xerces/xercesImpl/2.8.1/xercesImpl-2.8.1.jar:/home/lallo/.m2/repository/commons-lang/commons-lang/2.4/commons-lang-2.4.jar:/home/lallo/.m2/repository/commons-httpclient/commons-httpclient/3.1/commons-httpclient-3.1.jar:/home/lallo/.m2/repository/commons-codec/commons-codec/1.2/commons-codec-1.2.jar:/home/lallo/.m2/repository/org/apache/maven/doxia/doxia-site-renderer/1.1.2/doxia-site-renderer-1.1.2.jar:/home/lallo/.m2/repository/org/apache/maven/doxia/doxia-decoration-model/1.1.2/doxia-decoration-model-1.1.2.jar:/home/lallo/.m2/repository/org/apache/maven/doxia/doxia-module-xhtml/1.1.2/doxia-module-xhtml-1.1.2.jar:/home/lallo/.m2/repository/org/apache/maven/doxia/doxia-module-fml/1.1.2/doxia-module-fml-1.1.2.jar:/home/lallo/.m2/repository/org/codehaus/plexus/plexus-i18n/1.0-beta-7/plexus-i18n-1.0-beta-7.jar:/home/lallo/.m2/repository/org/codehaus/plexus/plexus-velocity/1.1.7/plexus-velocity-1.1.7.jar:/home/lallo/.m2/repository/org/apache/velocity/velocity/1.5/velocity-1.5.jar:/home/lallo/.m2/repository/commons-collections/commons-collections/3.2/commons-collections-3.2.jar:/home/lallo/.m2/repository/commons-validator/commons-validator/1.2.0/commons-validator-1.2.0.jar:/home/lallo/.m2/repository/commons-beanutils/commons-beanutils/1.7.0/commons-beanutils-1.7.0.jar:/home/lallo/.m2/repository/commons-digester/commons-digester/1.6/commons-digester-1.6.jar:/home/lallo/.m2/repository/commons-logging/commons-logging/1.0.4/commons-logging-1.0.4.jar:/home/lallo/.m2/repository/oro/oro/2.0.8/oro-2.0.8.jar:/home/lallo/.m2/repository/xml-apis/xml-apis/1.0.b2/xml-apis-1.0.b2.jar:/home/lallo/.m2/repository/org/jacoco/org.jacoco.agent/0.8.3/org.jacoco.agent-0.8.3-runtime.jar:/home/lallo/.m2/repository/org/jacoco/org.jacoco.core/0.8.3/org.jacoco.core-0.8.3.jar:/home/lallo/.m2/repository/org/ow2/asm/asm/7.0/asm-7.0.jar:/home/lallo/.m2/repository/org/ow2/asm/asm-commons/7.0/asm-commons-7.0.jar:/home/lallo/.m2/repository/org/ow2/asm/asm-analysis/7.0/asm-analysis-7.0.jar:/home/lallo/.m2/repository/org/ow2/asm/asm-tree/7.0/asm-tree-7.0.jar:/home/lallo/.m2/repository/org/jacoco/org.jacoco.report/0.8.3/org.jacoco.report-0.8.3.jar:"/>
    <property name="java.vm.vendor" value="Arch Linux"/>
    <property name="sun.arch.data.model" value="64"/>
    <property name="java.vendor.url" value="https://openjdk.org/"/>
    <property name="os.name" value="Linux"/>
    <property name="java.vm.specification.version" value="21"/>
    <property name="sun.java.launcher" value="SUN_STANDARD"/>
    <property name="user.country" value="US"/>
    <property name="sun.boot.library.path" value="/usr/lib/jvm/java-21-openjdk/lib"/>
    <property name="sun.java.command" value="/home/lallo/uni/fbk/libgroupsig/src/wrappers/java/jgroupsig/java/target/surefire/surefirebooter1494009170445035174.jar /home/lallo/uni/fbk/libgroupsig/src/wrappers/java/jgroupsig/java/target/surefire 2025-07-03T15-45-43_012-jvmRun1 surefire8514366108100061602tmp surefire_06769847834808231469tmp"/>
    <property name="jdk.debug" value="release"/>
    <property name="surefire.test.class.path" value="/home/lallo/uni/fbk/libgroupsig/src/wrappers/java/jgroupsig/java/target/test-classes:/home/lallo/uni/fbk/libgroupsig/src/wrappers/java/jgroupsig/java/target/classes:/home/lallo/.m2/repository/org/junit/jupiter/junit-jupiter-api/5.4.2/junit-jupiter-api-5.4.2.jar:/home/lallo/.m2/repository/org/apiguardian/apiguardian-api/1.0.0/apiguardian-api-1.0.0.jar:/home/lallo/.m2/repository/org/opentest4j/opentest4j/1.1.1/opentest4j-1.1.1.jar:/home/lallo/.m2/repository/org/junit/platform/junit-platform-commons/1.4.2/junit-platform-commons-1.4.2.jar:/home/lallo/.m2/repository/org/junit/jupiter/junit-jupiter-engine/5.4.2/junit-jupiter-engine-5.4.2.jar:/home/lallo/.m2/repository/org/junit/platform/junit-platform-engine/1.4.2/junit-platform-engine-1.4.2.jar:/home/lallo/.m2/repository/org/jacoco/jacoco-maven-plugin/0.8.3/jacoco-maven-plugin-0.8.3.jar:/home/lallo/.m2/repository/org/apache/maven/maven-plugin-api/3.0/maven-plugin-api-3.0.jar:/home/lallo/.m2/repository/org/apache/maven/maven-model/3.0/maven-model-3.0.jar:/home/lallo/.m2/repository/org/apache/maven/maven-artifact/3.0/maven-artifact-3.0.jar:/home/lallo/.m2/repository/org/sonatype/sisu/sisu-inject-plexus/1.4.2/sisu-inject-plexus-1.4.2.jar:/home/lallo/.m2/repository/org/sonatype/sisu/sisu-inject-bean/1.4.2/sisu-inject-bean-1.4.2.jar:/home/lallo/.m2/repository/org/sonatype/sisu/sisu-guice/2.1.7/sisu-guice-2.1.7-noaop.jar:/home/lallo/.m2/repository/org/apache/maven/maven-core/3.0/maven-core-3.0.jar:/home/lallo/.m2/repository/org/apache/maven/maven-settings/3.0/maven-settings-3.0.jar:/home/lallo/.m2/repository/org/apache/maven/maven-settings-builder/3.0/maven-settings-builder-3.0.jar:/home/lallo/.m2/repository/org/apache/maven/maven-repository-metadata/3.0/maven-repository-metadata-3.0.jar:/home/lallo/.m2/repository/org/apache/maven/maven-model-builder/3.0/maven-model-builder-3.0.jar:/home/lallo/.m2/repository/org/apache/maven/maven-aether-provider/3.0/maven-aether-provider-3.0.jar:/home/lallo/.m2/repository/org/sonatype/aether/aether-impl/1.7/aether-impl-1.7.jar:/home/lallo/.m2/repository/org/sonatype/aether/aether-spi/1.7/aether-spi-1.7.jar:/home/lallo/.m2/repository/org/sonatype/aether/aether-api/1.7/aether-api-1.7.jar:/home/lallo/.m2/repository/org/sonatype/aether/aether-util/1.7/aether-util-1.7.jar:/home/lallo/.m2/repository/org/codehaus/plexus/plexus-interpolation/1.14/plexus-interpolation-1.14.jar:/home/lallo/.m2/repository/org/codehaus/plexus/plexus-classworlds/2.2.3/plexus-classworlds-2.2.3.jar:/home/lallo/.m2/repository/org/codehaus/plexus/plexus-component-annotations/1.5.5/plexus-component-annotations-1.5.5.jar:/home/lallo/.m2/repository/org/sonatype/plexus/plexus-sec-dispatcher/1.3/plexus-sec-dispatcher-1.3.jar:/home/lallo/.m2/repository/org/sonatype/plexus/plexus-cipher/1.4/plexus-cipher-1.4.jar:/home/lallo/.m2/repository/org/codehaus/plexus/plexus-utils/3.0.22/plexus-utils-3.0.22.jar:/home/lallo/.m2/repository/org/apache/maven/shared/file-management/1.2.1/file-management-1.2.1.jar:/home/lallo/.m2/repository/org/apache/maven/shared/maven-shared-io/1.1/maven-shared-io-1.1.jar:/home/lallo/.m2/repository/org/apache/maven/maven-artifact-manager/2.0.2/maven-artifact-manager-2.0.2.jar:/home/lallo/.m2/repository/org/apache/maven/wagon/wagon-provider-api/1.0-alpha-6/wagon-provider-api-1.0-alpha-6.jar:/home/lallo/.m2/repository/org/codehaus/plexus/plexus-container-default/1.0-alpha-9/plexus-container-default-1.0-alpha-9.jar:/home/lallo/.m2/repository/junit/junit/3.8.1/junit-3.8.1.jar:/home/lallo/.m2/repository/classworlds/classworlds/1.1-alpha-2/classworlds-1.1-alpha-2.jar:/home/lallo/.m2/repository/org/apache/maven/reporting/maven-reporting-api/3.0/maven-reporting-api-3.0.jar:/home/lallo/.m2/repository/org/apache/maven/doxia/doxia-sink-api/1.0/doxia-sink-api-1.0.jar:/home/lallo/.m2/repository/org/apache/maven/reporting/maven-reporting-impl/2.1/maven-reporting-impl-2.1.jar:/home/lallo/.m2/repository/org/apache/maven/maven-project/2.0.10/maven-project-2.0.10.jar:/home/lallo/.m2/repository/org/apache/maven/maven-profile/2.0.10/maven-profile-2.0.10.jar:/home/lallo/.m2/repository/org/apache/maven/maven-plugin-registry/2.0.10/maven-plugin-registry-2.0.10.jar:/home/lallo/.m2/repository/org/apache/maven/doxia/doxia-core/1.1.2/doxia-core-1.1.2.jar:/home/lallo/.m2/repository/org/apache/maven/doxia/doxia-logging-api/1.1.2/doxia-logging-api-1.1.2.jar:/home/lallo/.m2/repository/xerces/xercesImpl/2.8.1/xercesImpl-2.8.1.jar:/home/lallo/.m2/repository/commons-lang/commons-lang/2.4/commons-lang-2.4.jar:/home/lallo/.m2/repository/commons-httpclient/commons-httpclient/3.1/commons-httpclient-3.1.jar:/home/lallo/.m2/repository/commons-codec/commons-codec/1.2/commons-codec-1.2.jar:/home/lallo/.m2/repository/org/apache/maven/doxia/doxia-site-renderer/1.1.2/doxia-site-renderer-1.1.2.jar:/home/lallo/.m2/repository/org/apache/maven/doxia/doxia-decoration-model/1.1.2/doxia-decoration-model-1.1.2.jar:/home/lallo/.m2/repository/org/apache/maven/doxia/doxia-module-xhtml/1.1.2/doxia-module-xhtml-1.1.2.jar:/home/lallo/.m2/repository/org/apache/maven/doxia/doxia-module-fml/1.1.2/doxia-module-fml-1.1.2.jar:/home/lallo/.m2/repository/org/codehaus/plexus/plexus-i18n/1.0-beta-7/plexus-i18n-1.0-beta-7.jar:/home/lallo/.m2/repository/org/codehaus/plexus/plexus-velocity/1.1.7/plexus-velocity-1.1.7.jar:/home/lallo/.m2/repository/org/apache/velocity/velocity/1.5/velocity-1.5.jar:/home/lallo/.m2/repository/commons-collections/commons-collections/3.2/commons-collections-3.2.jar:/home/lallo/.m2/repository/commons-validator/commons-validator/1.2.0/commons-validator-1.2.0.jar:/home/lallo/.m2/repository/commons-beanutils/commons-beanutils/1.7.0/commons-beanutils-1.7.0.jar:/home/lallo/.m2/repository/commons-digester/commons-digester/1.6/commons-digester-1.6.jar:/home/lallo/.m2/repository/commons-logging/commons-logging/1.0.4/commons-logging-1.0.4.jar:/home/lallo/.m2/repository/oro/oro/2.0.8/oro-2.0.8.jar:/home/lallo/.m2/repository/xml-apis/xml-apis/1.0.b2/xml-apis-1.0.b2.jar:/home/lallo/.m2/repository/org/jacoco/org.jacoco.agent/0.8.3/org.jacoco.agent-0.8.3-runtime.jar:/home/lallo/.m2/repository/org/jacoco/org.jacoco.core/0.8.3/org.jacoco.core-0.8.3.jar:/home/lallo/.m2/repository/org/ow2/asm/asm/7.0/asm-7.0.jar:/home/lallo/.m2/repository/org/ow2/asm/asm-commons/7.0/asm-commons-7.0.jar:/home/lallo/.m2/repository/org/ow2/asm/asm-analysis/7.0/asm-analysis-7.0.jar:/home/lallo/.m2/repository/org/ow2/asm/asm-tree/7.0/asm-tree-7.0.jar:/home/lallo/.m2/repository/org/jacoco/org.jacoco.report/0.8.3/org.jacoco.report-0.8.3.jar:"/>
    <property name="sun.cpu.endian" value="little"/>
    <property name="user.home" value="/home/lallo"/>
    <property name="user.language" value="en"/>
    <property name="java.specification.vendor" value="Oracle Corporation"/>
    <property name="java.version.date" value="2025-04-15"/>
    <property name="java.home" value="/usr/lib/jvm/java-21-openjdk"/>
    <property name="file.separator" value="/"/>
    <property name="basedir" value="/home/lallo/uni/fbk/libgroupsig/src/wrappers/java/jgroupsig/java"/>
    <property name="java.vm.compressedOopsMode" value="Zero based"/>
    <property name="line.separator" value="&#10;"/>
    <property name="java.specification.name" value="Java Platform API Specification"/>
    <property name="java.vm.specification.vendor" value="Oracle Corporation"/>
    <property name="surefire.real.class.path" value="/home/lallo/uni/fbk/libgroupsig/src/wrappers/java/jgroupsig/java/target/surefire/surefirebooter1494009170445035174.jar"/>
    <property name="sun.management.compiler" value="HotSpot 64-Bit Tiered Compilers"/>
    <property name="java.runtime.version" value="21.0.7+6"/>
    <property name="user.name" value="lallo"/>
    <property name="stdout.encoding" value="UTF-8"/>
    <property name="path.separator" value=":"/>
    <property name="os.version" value="6.15.3-arch1-1"/>
    <property name="java.runtime.name" value="OpenJDK Runtime Environment"/>
    <property name="file.encoding" value="UTF-8"/>
    <property name="java.vm.name" value="OpenJDK 64-Bit Server VM"/>
    <property name="localRepository" value="/home/lallo/.m2/repository"/>
    <property name="java.vendor.url.bug" value="https://bugreport.java.com/bugreport/"/>
    <property name="java.io.tmpdir" value="/tmp"/>
    <property name="java.version" value="21.0.7"/>
    <property name="user.dir" value="/home/lallo/uni/fbk/libgroupsig/src/wrappers/java/jgroupsig/java"/>
    <property name="os.arch" value="amd64"/>
    <property name="java.vm.specification.name" value="Java Virtual Machine Specification"/>
    <property name="native.encoding" value="UTF-8"/>
    <property name="java.library.path" value="/home/lallo/uni/fbk/libgroupsig/src/wrappers/java/jgroupsig/java/target/main/resources"/>
    <property name="java.vm.info" value="mixed mode, sharing"/>
    <property name="stderr.encoding" value="UTF-8"/>
    <property name="java.vendor" value="Arch Linux"/>
    <property name="java.vm.version" value="21.0.7+6"/>
    <property name="sun.io.unicode.encoding" value="UnicodeLittle"/>
    <property name="java.class.version" value="65.0"/>
  </properties>
  <testcase name="setupCreatesGrpAndMgrKeys" classname="com.ibm.jgroupsig.GL19Test" time="0.044">
    <system-err><![CDATA[java.lang.instrument.IllegalClassFormatException: Error while instrumenting javax/script/ScriptEngine.
	at org.jacoco.agent.rt.internal_1f1cc91.CoverageTransformer.transform(CoverageTransformer.java:93)
	at java.instrument/java.lang.instrument.ClassFileTransformer.transform(ClassFileTransformer.java:244)
	at java.instrument/sun.instrument.TransformerManager.transform(TransformerManager.java:188)
	at java.instrument/sun.instrument.InstrumentationImpl.transform(InstrumentationImpl.java:610)
	at java.base/java.lang.ClassLoader.defineClass2(Native Method)
	at java.base/java.lang.ClassLoader.defineClass(ClassLoader.java:1118)
	at java.base/java.security.SecureClassLoader.defineClass(SecureClassLoader.java:182)
	at java.base/jdk.internal.loader.BuiltinClassLoader.defineClass(BuiltinClassLoader.java:821)
	at java.base/jdk.internal.loader.BuiltinClassLoader.findClassInModuleOrNull(BuiltinClassLoader.java:741)
	at java.base/jdk.internal.loader.BuiltinClassLoader.loadClassOrNull(BuiltinClassLoader.java:665)
	at java.base/jdk.internal.loader.BuiltinClassLoader.loadClassOrNull(BuiltinClassLoader.java:700)
	at java.base/jdk.internal.loader.BuiltinClassLoader.loadClassOrNull(BuiltinClassLoader.java:669)
	at java.base/jdk.internal.loader.BuiltinClassLoader.loadClass(BuiltinClassLoader.java:639)
	at java.base/jdk.internal.loader.ClassLoaders$AppClassLoader.loadClass(ClassLoaders.java:188)
	at java.base/java.lang.ClassLoader.loadClass(ClassLoader.java:526)
	at java.base/java.lang.Class.forName0(Native Method)
	at java.base/java.lang.Class.forName(Class.java:421)
	at java.base/java.lang.Class.forName(Class.java:412)
	at org.junit.jupiter.engine.extension.ScriptExecutionCondition$Evaluator.forName(ScriptExecutionCondition.java:139)
	at org.junit.jupiter.engine.extension.ScriptExecutionCondition$Evaluator.forName(ScriptExecutionCondition.java:133)
	at org.junit.jupiter.engine.extension.ScriptExecutionCondition.<init>(ScriptExecutionCondition.java:55)
	at org.junit.jupiter.engine.extension.ScriptExecutionCondition.<init>(ScriptExecutionCondition.java:50)
	at org.junit.jupiter.engine.extension.ExtensionRegistry.<clinit>(ExtensionRegistry.java:53)
	at org.junit.jupiter.engine.descriptor.JupiterEngineDescriptor.prepare(JupiterEngineDescriptor.java:52)
	at org.junit.jupiter.engine.descriptor.JupiterEngineDescriptor.prepare(JupiterEngineDescriptor.java:30)
	at org.junit.platform.engine.support.hierarchical.NodeTestTask.lambda$prepare$1(NodeTestTask.java:107)
	at org.junit.platform.engine.support.hierarchical.ThrowableCollector.execute(ThrowableCollector.java:73)
	at org.junit.platform.engine.support.hierarchical.NodeTestTask.prepare(NodeTestTask.java:107)
	at org.junit.platform.engine.support.hierarchical.NodeTestTask.execute(NodeTestTask.java:75)
	at org.junit.platform.engine.support.hierarchical.SameThreadHierarchicalTestExecutorService.submit(SameThreadHierarchicalTestExecutorService.java:32)
	at org.junit.platform.engine.support.hierarchical.HierarchicalTestExecutor.execute(HierarchicalTestExecutor.java:57)
	at org.junit.platform.engine.support.hierarchical.HierarchicalTestEngine.execute(HierarchicalTestEngine.java:51)
	at org.junit.platform.launcher.core.DefaultLauncher.execute(DefaultLauncher.java:229)
	at org.junit.platform.launcher.core.DefaultLauncher.lambda$execute$6(DefaultLauncher.java:197)
	at org.junit.platform.launcher.core.DefaultLauncher.withInterceptedStreams(DefaultLauncher.java:211)
	at org.junit.platform.launcher.core.DefaultLauncher.execute(DefaultLauncher.java:191)
	at org.junit.platform.launcher.core.DefaultLauncher.execute(DefaultLauncher.java:128)
	at org.apache.maven.surefire.junitplatform.JUnitPlatformProvider.execute(JUnitPlatformProvider.java:188)
	at org.apache.maven.surefire.junitplatform.JUnitPlatformProvider.invokeAllTests(JUnitPlatformProvider.java:154)
	at org.apache.maven.surefire.junitplatform.JUnitPlatformProvider.invoke(JUnitPlatformProvider.java:128)
	at org.apache.maven.surefire.booter.ForkedBooter.runSuitesInProcess(ForkedBooter.java:428)
	at org.apache.maven.surefire.booter.ForkedBooter.execute(ForkedBooter.java:162)
	at org.apache.maven.surefire.booter.ForkedBooter.run(ForkedBooter.java:562)
	at org.apache.maven.surefire.booter.ForkedBooter.main(ForkedBooter.java:548)
Caused by: java.io.IOException: Error while instrumenting javax/script/ScriptEngine.
	at org.jacoco.agent.rt.internal_1f1cc91.core.instr.Instrumenter.instrumentError(Instrumenter.java:170)
	at org.jacoco.agent.rt.internal_1f1cc91.core.instr.Instrumenter.instrument(Instrumenter.java:120)
	at org.jacoco.agent.rt.internal_1f1cc91.CoverageTransformer.transform(CoverageTransformer.java:91)
	... 43 more
Caused by: java.lang.IllegalArgumentException: Unsupported class file major version 65
	at org.jacoco.agent.rt.internal_1f1cc91.asm.ClassReader.<init>(ClassReader.java:184)
	at org.jacoco.agent.rt.internal_1f1cc91.asm.ClassReader.<init>(ClassReader.java:166)
	at org.jacoco.agent.rt.internal_1f1cc91.asm.ClassReader.<init>(ClassReader.java:152)
	at org.jacoco.agent.rt.internal_1f1cc91.core.internal.instr.InstrSupport.classReaderFor(InstrSupport.java:247)
	at org.jacoco.agent.rt.internal_1f1cc91.core.instr.Instrumenter.instrument(Instrumenter.java:86)
	at org.jacoco.agent.rt.internal_1f1cc91.core.instr.Instrumenter.instrument(Instrumenter.java:118)
	... 44 more
java.lang.instrument.IllegalClassFormatException: Error while instrumenting javax/script/ScriptException.
	at org.jacoco.agent.rt.internal_1f1cc91.CoverageTransformer.transform(CoverageTransformer.java:93)
	at java.instrument/java.lang.instrument.ClassFileTransformer.transform(ClassFileTransformer.java:244)
	at java.instrument/sun.instrument.TransformerManager.transform(TransformerManager.java:188)
	at java.instrument/sun.instrument.InstrumentationImpl.transform(InstrumentationImpl.java:610)
	at java.base/java.lang.ClassLoader.defineClass2(Native Method)
	at java.base/java.lang.ClassLoader.defineClass(ClassLoader.java:1118)
	at java.base/java.security.SecureClassLoader.defineClass(SecureClassLoader.java:182)
	at java.base/jdk.internal.loader.BuiltinClassLoader.defineClass(BuiltinClassLoader.java:821)
	at java.base/jdk.internal.loader.BuiltinClassLoader.findClassInModuleOrNull(BuiltinClassLoader.java:741)
	at java.base/jdk.internal.loader.BuiltinClassLoader.loadClassOrNull(BuiltinClassLoader.java:665)
	at java.base/jdk.internal.loader.BuiltinClassLoader.loadClassOrNull(BuiltinClassLoader.java:700)
	at java.base/jdk.internal.loader.BuiltinClassLoader.loadClassOrNull(BuiltinClassLoader.java:669)
	at java.base/jdk.internal.loader.BuiltinClassLoader.loadClass(BuiltinClassLoader.java:639)
	at java.base/jdk.internal.loader.ClassLoaders$AppClassLoader.loadClass(ClassLoaders.java:188)
	at java.base/java.lang.ClassLoader.loadClass(ClassLoader.java:526)
	at java.base/java.lang.Class.forName0(Native Method)
	at java.base/java.lang.Class.forName(Class.java:421)
	at java.base/java.lang.Class.forName(Class.java:412)
	at org.junit.jupiter.engine.extension.ScriptExecutionCondition$Evaluator.forName(ScriptExecutionCondition.java:153)
	at org.junit.jupiter.engine.extension.ScriptExecutionCondition$Evaluator.forName(ScriptExecutionCondition.java:133)
	at org.junit.jupiter.engine.extension.ScriptExecutionCondition.<init>(ScriptExecutionCondition.java:55)
	at org.junit.jupiter.engine.extension.ScriptExecutionCondition.<init>(ScriptExecutionCondition.java:50)
	at org.junit.jupiter.engine.extension.ExtensionRegistry.<clinit>(ExtensionRegistry.java:53)
	at org.junit.jupiter.engine.descriptor.JupiterEngineDescriptor.prepare(JupiterEngineDescriptor.java:52)
	at org.junit.jupiter.engine.descriptor.JupiterEngineDescriptor.prepare(JupiterEngineDescriptor.java:30)
	at org.junit.platform.engine.support.hierarchical.NodeTestTask.lambda$prepare$1(NodeTestTask.java:107)
	at org.junit.platform.engine.support.hierarchical.ThrowableCollector.execute(ThrowableCollector.java:73)
	at org.junit.platform.engine.support.hierarchical.NodeTestTask.prepare(NodeTestTask.java:107)
	at org.junit.platform.engine.support.hierarchical.NodeTestTask.execute(NodeTestTask.java:75)
	at org.junit.platform.engine.support.hierarchical.SameThreadHierarchicalTestExecutorService.submit(SameThreadHierarchicalTestExecutorService.java:32)
	at org.junit.platform.engine.support.hierarchical.HierarchicalTestExecutor.execute(HierarchicalTestExecutor.java:57)
	at org.junit.platform.engine.support.hierarchical.HierarchicalTestEngine.execute(HierarchicalTestEngine.java:51)
	at org.junit.platform.launcher.core.DefaultLauncher.execute(DefaultLauncher.java:229)
	at org.junit.platform.launcher.core.DefaultLauncher.lambda$execute$6(DefaultLauncher.java:197)
	at org.junit.platform.launcher.core.DefaultLauncher.withInterceptedStreams(DefaultLauncher.java:211)
	at org.junit.platform.launcher.core.DefaultLauncher.execute(DefaultLauncher.java:191)
	at org.junit.platform.launcher.core.DefaultLauncher.execute(DefaultLauncher.java:128)
	at org.apache.maven.surefire.junitplatform.JUnitPlatformProvider.execute(JUnitPlatformProvider.java:188)
	at org.apache.maven.surefire.junitplatform.JUnitPlatformProvider.invokeAllTests(JUnitPlatformProvider.java:154)
	at org.apache.maven.surefire.junitplatform.JUnitPlatformProvider.invoke(JUnitPlatformProvider.java:128)
	at org.apache.maven.surefire.booter.ForkedBooter.runSuitesInProcess(ForkedBooter.java:428)
	at org.apache.maven.surefire.booter.ForkedBooter.execute(ForkedBooter.java:162)
	at org.apache.maven.surefire.booter.ForkedBooter.run(ForkedBooter.java:562)
	at org.apache.maven.surefire.booter.ForkedBooter.main(ForkedBooter.java:548)
Caused by: java.io.IOException: Error while instrumenting javax/script/ScriptException.
	at org.jacoco.agent.rt.internal_1f1cc91.core.instr.Instrumenter.instrumentError(Instrumenter.java:170)
	at org.jacoco.agent.rt.internal_1f1cc91.core.instr.Instrumenter.instrument(Instrumenter.java:120)
	at org.jacoco.agent.rt.internal_1f1cc91.CoverageTransformer.transform(CoverageTransformer.java:91)
	... 43 more
Caused by: java.lang.IllegalArgumentException: Unsupported class file major version 65
	at org.jacoco.agent.rt.internal_1f1cc91.asm.ClassReader.<init>(ClassReader.java:184)
	at org.jacoco.agent.rt.internal_1f1cc91.asm.ClassReader.<init>(ClassReader.java:166)
	at org.jacoco.agent.rt.internal_1f1cc91.asm.ClassReader.<init>(ClassReader.java:152)
	at org.jacoco.agent.rt.internal_1f1cc91.core.internal.instr.InstrSupport.classReaderFor(InstrSupport.java:247)
	at org.jacoco.agent.rt.internal_1f1cc91.core.instr.Instrumenter.instrument(Instrumenter.java:86)
	at org.jacoco.agent.rt.internal_1f1cc91.core.instr.Instrumenter.instrument(Instrumenter.java:118)
	... 44 more
java.lang.instrument.IllegalClassFormatException: Error while instrumenting javax/script/Bindings.
	at org.jacoco.agent.rt.internal_1f1cc91.CoverageTransformer.transform(CoverageTransformer.java:93)
	at java.instrument/java.lang.instrument.ClassFileTransformer.transform(ClassFileTransformer.java:244)
	at java.instrument/sun.instrument.TransformerManager.transform(TransformerManager.java:188)
	at java.instrument/sun.instrument.InstrumentationImpl.transform(InstrumentationImpl.java:610)
	at java.base/java.lang.ClassLoader.defineClass2(Native Method)
	at java.base/java.lang.ClassLoader.defineClass(ClassLoader.java:1118)
	at java.base/java.security.SecureClassLoader.defineClass(SecureClassLoader.java:182)
	at java.base/jdk.internal.loader.BuiltinClassLoader.defineClass(BuiltinClassLoader.java:821)
	at java.base/jdk.internal.loader.BuiltinClassLoader.findClassInModuleOrNull(BuiltinClassLoader.java:741)
	at java.base/jdk.internal.loader.BuiltinClassLoader.loadClassOrNull(BuiltinClassLoader.java:665)
	at java.base/jdk.internal.loader.BuiltinClassLoader.loadClassOrNull(BuiltinClassLoader.java:700)
	at java.base/jdk.internal.loader.BuiltinClassLoader.loadClassOrNull(BuiltinClassLoader.java:669)
	at java.base/jdk.internal.loader.BuiltinClassLoader.loadClass(BuiltinClassLoader.java:639)
	at java.base/jdk.internal.loader.ClassLoaders$AppClassLoader.loadClass(ClassLoaders.java:188)
	at java.base/java.lang.ClassLoader.loadClass(ClassLoader.java:526)
	at java.base/java.lang.Class.forName0(Native Method)
	at java.base/java.lang.Class.forName(Class.java:421)
	at java.base/java.lang.Class.forName(Class.java:412)
	at org.junit.jupiter.engine.extension.ScriptExecutionCondition$Evaluator.forName(ScriptExecutionCondition.java:153)
	at org.junit.jupiter.engine.extension.ScriptExecutionCondition$Evaluator.forName(ScriptExecutionCondition.java:133)
	at org.junit.jupiter.engine.extension.ScriptExecutionCondition.<init>(ScriptExecutionCondition.java:55)
	at org.junit.jupiter.engine.extension.ScriptExecutionCondition.<init>(ScriptExecutionCondition.java:50)
	at org.junit.jupiter.engine.extension.ExtensionRegistry.<clinit>(ExtensionRegistry.java:53)
	at org.junit.jupiter.engine.descriptor.JupiterEngineDescriptor.prepare(JupiterEngineDescriptor.java:52)
	at org.junit.jupiter.engine.descriptor.JupiterEngineDescriptor.prepare(JupiterEngineDescriptor.java:30)
	at org.junit.platform.engine.support.hierarchical.NodeTestTask.lambda$prepare$1(NodeTestTask.java:107)
	at org.junit.platform.engine.support.hierarchical.ThrowableCollector.execute(ThrowableCollector.java:73)
	at org.junit.platform.engine.support.hierarchical.NodeTestTask.prepare(NodeTestTask.java:107)
	at org.junit.platform.engine.support.hierarchical.NodeTestTask.execute(NodeTestTask.java:75)
	at org.junit.platform.engine.support.hierarchical.SameThreadHierarchicalTestExecutorService.submit(SameThreadHierarchicalTestExecutorService.java:32)
	at org.junit.platform.engine.support.hierarchical.HierarchicalTestExecutor.execute(HierarchicalTestExecutor.java:57)
	at org.junit.platform.engine.support.hierarchical.HierarchicalTestEngine.execute(HierarchicalTestEngine.java:51)
	at org.junit.platform.launcher.core.DefaultLauncher.execute(DefaultLauncher.java:229)
	at org.junit.platform.launcher.core.DefaultLauncher.lambda$execute$6(DefaultLauncher.java:197)
	at org.junit.platform.launcher.core.DefaultLauncher.withInterceptedStreams(DefaultLauncher.java:211)
	at org.junit.platform.launcher.core.DefaultLauncher.execute(DefaultLauncher.java:191)
	at org.junit.platform.launcher.core.DefaultLauncher.execute(DefaultLauncher.java:128)
	at org.apache.maven.surefire.junitplatform.JUnitPlatformProvider.execute(JUnitPlatformProvider.java:188)
	at org.apache.maven.surefire.junitplatform.JUnitPlatformProvider.invokeAllTests(JUnitPlatformProvider.java:154)
	at org.apache.maven.surefire.junitplatform.JUnitPlatformProvider.invoke(JUnitPlatformProvider.java:128)
	at org.apache.maven.surefire.booter.ForkedBooter.runSuitesInProcess(ForkedBooter.java:428)
	at org.apache.maven.surefire.booter.ForkedBooter.execute(ForkedBooter.java:162)
	at org.apache.maven.surefire.booter.ForkedBooter.run(ForkedBooter.java:562)
	at org.apache.maven.surefire.booter.ForkedBooter.main(ForkedBooter.java:548)
Caused by: java.io.IOException: Error while instrumenting javax/script/Bindings.
	at org.jacoco.agent.rt.internal_1f1cc91.core.instr.Instrumenter.instrumentError(Instrumenter.java:170)
	at org.jacoco.agent.rt.internal_1f1cc91.core.instr.Instrumenter.instrument(Instrumenter.java:120)
	at org.jacoco.agent.rt.internal_1f1cc91.CoverageTransformer.transform(CoverageTransformer.java:91)
	... 43 more
Caused by: java.lang.IllegalArgumentException: Unsupported class file major version 65
	at org.jacoco.agent.rt.internal_1f1cc91.asm.ClassReader.<init>(ClassReader.java:184)
	at org.jacoco.agent.rt.internal_1f1cc91.asm.ClassReader.<init>(ClassReader.java:166)
	at org.jacoco.agent.rt.internal_1f1cc91.asm.ClassReader.<init>(ClassReader.java:152)
	at org.jacoco.agent.rt.internal_1f1cc91.core.internal.instr.InstrSupport.classReaderFor(InstrSupport.java:247)
	at org.jacoco.agent.rt.internal_1f1cc91.core.instr.Instrumenter.instrument(Instrumenter.java:86)
	at org.jacoco.agent.rt.internal_1f1cc91.core.instr.Instrumenter.instrument(Instrumenter.java:118)
	... 44 more
java.lang.instrument.IllegalClassFormatException: Error while instrumenting javax/script/ScriptEngineManager.
	at org.jacoco.agent.rt.internal_1f1cc91.CoverageTransformer.transform(CoverageTransformer.java:93)
	at java.instrument/java.lang.instrument.ClassFileTransformer.transform(ClassFileTransformer.java:244)
	at java.instrument/sun.instrument.TransformerManager.transform(TransformerManager.java:188)
	at java.instrument/sun.instrument.InstrumentationImpl.transform(InstrumentationImpl.java:610)
	at java.base/java.lang.ClassLoader.defineClass2(Native Method)
	at java.base/java.lang.ClassLoader.defineClass(ClassLoader.java:1118)
	at java.base/java.security.SecureClassLoader.defineClass(SecureClassLoader.java:182)
	at java.base/jdk.internal.loader.BuiltinClassLoader.defineClass(BuiltinClassLoader.java:821)
	at java.base/jdk.internal.loader.BuiltinClassLoader.findClassInModuleOrNull(BuiltinClassLoader.java:741)
	at java.base/jdk.internal.loader.BuiltinClassLoader.loadClassOrNull(BuiltinClassLoader.java:665)
	at java.base/jdk.internal.loader.BuiltinClassLoader.loadClassOrNull(BuiltinClassLoader.java:700)
	at java.base/jdk.internal.loader.BuiltinClassLoader.loadClassOrNull(BuiltinClassLoader.java:669)
	at java.base/jdk.internal.loader.BuiltinClassLoader.loadClass(BuiltinClassLoader.java:639)
	at java.base/jdk.internal.loader.ClassLoaders$AppClassLoader.loadClass(ClassLoaders.java:188)
	at java.base/java.lang.ClassLoader.loadClass(ClassLoader.java:526)
	at org.junit.jupiter.engine.script.ScriptExecutionManager.<init>(ScriptExecutionManager.java:37)
	at org.junit.jupiter.engine.extension.ScriptExecutionEvaluator.<init>(ScriptExecutionEvaluator.java:42)
	at java.base/jdk.internal.reflect.DirectConstructorHandleAccessor.newInstance(DirectConstructorHandleAccessor.java:62)
	at java.base/java.lang.reflect.Constructor.newInstanceWithCaller(Constructor.java:502)
	at java.base/java.lang.reflect.Constructor.newInstance(Constructor.java:486)
	at org.junit.jupiter.engine.extension.ScriptExecutionCondition$Evaluator.forName(ScriptExecutionCondition.java:153)
	at org.junit.jupiter.engine.extension.ScriptExecutionCondition$Evaluator.forName(ScriptExecutionCondition.java:133)
	at org.junit.jupiter.engine.extension.ScriptExecutionCondition.<init>(ScriptExecutionCondition.java:55)
	at org.junit.jupiter.engine.extension.ScriptExecutionCondition.<init>(ScriptExecutionCondition.java:50)
	at org.junit.jupiter.engine.extension.ExtensionRegistry.<clinit>(ExtensionRegistry.java:53)
	at org.junit.jupiter.engine.descriptor.JupiterEngineDescriptor.prepare(JupiterEngineDescriptor.java:52)
	at org.junit.jupiter.engine.descriptor.JupiterEngineDescriptor.prepare(JupiterEngineDescriptor.java:30)
	at org.junit.platform.engine.support.hierarchical.NodeTestTask.lambda$prepare$1(NodeTestTask.java:107)
	at org.junit.platform.engine.support.hierarchical.ThrowableCollector.execute(ThrowableCollector.java:73)
	at org.junit.platform.engine.support.hierarchical.NodeTestTask.prepare(NodeTestTask.java:107)
	at org.junit.platform.engine.support.hierarchical.NodeTestTask.execute(NodeTestTask.java:75)
	at org.junit.platform.engine.support.hierarchical.SameThreadHierarchicalTestExecutorService.submit(SameThreadHierarchicalTestExecutorService.java:32)
	at org.junit.platform.engine.support.hierarchical.HierarchicalTestExecutor.execute(HierarchicalTestExecutor.java:57)
	at org.junit.platform.engine.support.hierarchical.HierarchicalTestEngine.execute(HierarchicalTestEngine.java:51)
	at org.junit.platform.launcher.core.DefaultLauncher.execute(DefaultLauncher.java:229)
	at org.junit.platform.launcher.core.DefaultLauncher.lambda$execute$6(DefaultLauncher.java:197)
	at org.junit.platform.launcher.core.DefaultLauncher.withInterceptedStreams(DefaultLauncher.java:211)
	at org.junit.platform.launcher.core.DefaultLauncher.execute(DefaultLauncher.java:191)
	at org.junit.platform.launcher.core.DefaultLauncher.execute(DefaultLauncher.java:128)
	at org.apache.maven.surefire.junitplatform.JUnitPlatformProvider.execute(JUnitPlatformProvider.java:188)
	at org.apache.maven.surefire.junitplatform.JUnitPlatformProvider.invokeAllTests(JUnitPlatformProvider.java:154)
	at org.apache.maven.surefire.junitplatform.JUnitPlatformProvider.invoke(JUnitPlatformProvider.java:128)
	at org.apache.maven.surefire.booter.ForkedBooter.runSuitesInProcess(ForkedBooter.java:428)
	at org.apache.maven.surefire.booter.ForkedBooter.execute(ForkedBooter.java:162)
	at org.apache.maven.surefire.booter.ForkedBooter.run(ForkedBooter.java:562)
	at org.apache.maven.surefire.booter.ForkedBooter.main(ForkedBooter.java:548)
Caused by: java.io.IOException: Error while instrumenting javax/script/ScriptEngineManager.
	at org.jacoco.agent.rt.internal_1f1cc91.core.instr.Instrumenter.instrumentError(Instrumenter.java:170)
	at org.jacoco.agent.rt.internal_1f1cc91.core.instr.Instrumenter.instrument(Instrumenter.java:120)
	at org.jacoco.agent.rt.internal_1f1cc91.CoverageTransformer.transform(CoverageTransformer.java:91)
	... 45 more
Caused by: java.lang.IllegalArgumentException: Unsupported class file major version 65
	at org.jacoco.agent.rt.internal_1f1cc91.asm.ClassReader.<init>(ClassReader.java:184)
	at org.jacoco.agent.rt.internal_1f1cc91.asm.ClassReader.<init>(ClassReader.java:166)
	at org.jacoco.agent.rt.internal_1f1cc91.asm.ClassReader.<init>(ClassReader.java:152)
	at org.jacoco.agent.rt.internal_1f1cc91.core.internal.instr.InstrSupport.classReaderFor(InstrSupport.java:247)
	at org.jacoco.agent.rt.internal_1f1cc91.core.instr.Instrumenter.instrument(Instrumenter.java:86)
	at org.jacoco.agent.rt.internal_1f1cc91.core.instr.Instrumenter.instrument(Instrumenter.java:118)
	... 46 more
java.lang.instrument.IllegalClassFormatException: Error while instrumenting javax/script/ScriptEngineFactory.
	at org.jacoco.agent.rt.internal_1f1cc91.CoverageTransformer.transform(CoverageTransformer.java:93)
	at java.instrument/java.lang.instrument.ClassFileTransformer.transform(ClassFileTransformer.java:244)
	at java.instrument/sun.instrument.TransformerManager.transform(TransformerManager.java:188)
	at java.instrument/sun.instrument.InstrumentationImpl.transform(InstrumentationImpl.java:610)
	at java.base/java.lang.ClassLoader.defineClass2(Native Method)
	at java.base/java.lang.ClassLoader.defineClass(ClassLoader.java:1118)
	at java.base/java.security.SecureClassLoader.defineClass(SecureClassLoader.java:182)
	at java.base/jdk.internal.loader.BuiltinClassLoader.defineClass(BuiltinClassLoader.java:821)
	at java.base/jdk.internal.loader.BuiltinClassLoader.findClassInModuleOrNull(BuiltinClassLoader.java:741)
	at java.base/jdk.internal.loader.BuiltinClassLoader.loadClassOrNull(BuiltinClassLoader.java:665)
	at java.base/jdk.internal.loader.BuiltinClassLoader.loadClass(BuiltinClassLoader.java:639)
	at java.base/java.lang.ClassLoader.loadClass(ClassLoader.java:526)
	at java.scripting/javax.script.ScriptEngineManager.<clinit>(ScriptEngineManager.java:315)
	at org.junit.jupiter.engine.script.ScriptExecutionManager.<init>(ScriptExecutionManager.java:37)
	at org.junit.jupiter.engine.extension.ScriptExecutionEvaluator.<init>(ScriptExecutionEvaluator.java:42)
	at java.base/jdk.internal.reflect.DirectConstructorHandleAccessor.newInstance(DirectConstructorHandleAccessor.java:62)
	at java.base/java.lang.reflect.Constructor.newInstanceWithCaller(Constructor.java:502)
	at java.base/java.lang.reflect.Constructor.newInstance(Constructor.java:486)
	at org.junit.jupiter.engine.extension.ScriptExecutionCondition$Evaluator.forName(ScriptExecutionCondition.java:153)
	at org.junit.jupiter.engine.extension.ScriptExecutionCondition$Evaluator.forName(ScriptExecutionCondition.java:133)
	at org.junit.jupiter.engine.extension.ScriptExecutionCondition.<init>(ScriptExecutionCondition.java:55)
	at org.junit.jupiter.engine.extension.ScriptExecutionCondition.<init>(ScriptExecutionCondition.java:50)
	at org.junit.jupiter.engine.extension.ExtensionRegistry.<clinit>(ExtensionRegistry.java:53)
	at org.junit.jupiter.engine.descriptor.JupiterEngineDescriptor.prepare(JupiterEngineDescriptor.java:52)
	at org.junit.jupiter.engine.descriptor.JupiterEngineDescriptor.prepare(JupiterEngineDescriptor.java:30)
	at org.junit.platform.engine.support.hierarchical.NodeTestTask.lambda$prepare$1(NodeTestTask.java:107)
	at org.junit.platform.engine.support.hierarchical.ThrowableCollector.execute(ThrowableCollector.java:73)
	at org.junit.platform.engine.support.hierarchical.NodeTestTask.prepare(NodeTestTask.java:107)
	at org.junit.platform.engine.support.hierarchical.NodeTestTask.execute(NodeTestTask.java:75)
	at org.junit.platform.engine.support.hierarchical.SameThreadHierarchicalTestExecutorService.submit(SameThreadHierarchicalTestExecutorService.java:32)
	at org.junit.platform.engine.support.hierarchical.HierarchicalTestExecutor.execute(HierarchicalTestExecutor.java:57)
	at org.junit.platform.engine.support.hierarchical.HierarchicalTestEngine.execute(HierarchicalTestEngine.java:51)
	at org.junit.platform.launcher.core.DefaultLauncher.execute(DefaultLauncher.java:229)
	at org.junit.platform.launcher.core.DefaultLauncher.lambda$execute$6(DefaultLauncher.java:197)
	at org.junit.platform.launcher.core.DefaultLauncher.withInterceptedStreams(DefaultLauncher.java:211)
	at org.junit.platform.launcher.core.DefaultLauncher.execute(DefaultLauncher.java:191)
	at org.junit.platform.launcher.core.DefaultLauncher.execute(DefaultLauncher.java:128)
	at org.apache.maven.surefire.junitplatform.JUnitPlatformProvider.execute(JUnitPlatformProvider.java:188)
	at org.apache.maven.surefire.junitplatform.JUnitPlatformProvider.invokeAllTests(JUnitPlatformProvider.java:154)
	at org.apache.maven.surefire.junitplatform.JUnitPlatformProvider.invoke(JUnitPlatformProvider.java:128)
	at org.apache.maven.surefire.booter.ForkedBooter.runSuitesInProcess(ForkedBooter.java:428)
	at org.apache.maven.surefire.booter.ForkedBooter.execute(ForkedBooter.java:162)
	at org.apache.maven.surefire.booter.ForkedBooter.run(ForkedBooter.java:562)
	at org.apache.maven.surefire.booter.ForkedBooter.main(ForkedBooter.java:548)
Caused by: java.io.IOException: Error while instrumenting javax/script/ScriptEngineFactory.
	at org.jacoco.agent.rt.internal_1f1cc91.core.instr.Instrumenter.instrumentError(Instrumenter.java:170)
	at org.jacoco.agent.rt.internal_1f1cc91.core.instr.Instrumenter.instrument(Instrumenter.java:120)
	at org.jacoco.agent.rt.internal_1f1cc91.CoverageTransformer.transform(CoverageTransformer.java:91)
	... 43 more
Caused by: java.lang.IllegalArgumentException: Unsupported class file major version 65
	at org.jacoco.agent.rt.internal_1f1cc91.asm.ClassReader.<init>(ClassReader.java:184)
	at org.jacoco.agent.rt.internal_1f1cc91.asm.ClassReader.<init>(ClassReader.java:166)
	at org.jacoco.agent.rt.internal_1f1cc91.asm.ClassReader.<init>(ClassReader.java:152)
	at org.jacoco.agent.rt.internal_1f1cc91.core.internal.instr.InstrSupport.classReaderFor(InstrSupport.java:247)
	at org.jacoco.agent.rt.internal_1f1cc91.core.instr.Instrumenter.instrument(Instrumenter.java:86)
	at org.jacoco.agent.rt.internal_1f1cc91.core.instr.Instrumenter.instrument(Instrumenter.java:118)
	... 44 more
java.lang.instrument.IllegalClassFormatException: Error while instrumenting javax/script/SimpleBindings.
	at org.jacoco.agent.rt.internal_1f1cc91.CoverageTransformer.transform(CoverageTransformer.java:93)
	at java.instrument/java.lang.instrument.ClassFileTransformer.transform(ClassFileTransformer.java:244)
	at java.instrument/sun.instrument.TransformerManager.transform(TransformerManager.java:188)
	at java.instrument/sun.instrument.InstrumentationImpl.transform(InstrumentationImpl.java:610)
	at java.base/java.lang.ClassLoader.defineClass2(Native Method)
	at java.base/java.lang.ClassLoader.defineClass(ClassLoader.java:1118)
	at java.base/java.security.SecureClassLoader.defineClass(SecureClassLoader.java:182)
	at java.base/jdk.internal.loader.BuiltinClassLoader.defineClass(BuiltinClassLoader.java:821)
	at java.base/jdk.internal.loader.BuiltinClassLoader.findClassInModuleOrNull(BuiltinClassLoader.java:741)
	at java.base/jdk.internal.loader.BuiltinClassLoader.loadClassOrNull(BuiltinClassLoader.java:665)
	at java.base/jdk.internal.loader.BuiltinClassLoader.loadClass(BuiltinClassLoader.java:639)
	at java.base/java.lang.ClassLoader.loadClass(ClassLoader.java:526)
	at java.scripting/javax.script.ScriptEngineManager.<init>(ScriptEngineManager.java:333)
	at java.scripting/javax.script.ScriptEngineManager.<init>(ScriptEngineManager.java:63)
	at org.junit.jupiter.engine.script.ScriptExecutionManager.<init>(ScriptExecutionManager.java:37)
	at org.junit.jupiter.engine.extension.ScriptExecutionEvaluator.<init>(ScriptExecutionEvaluator.java:42)
	at java.base/jdk.internal.reflect.DirectConstructorHandleAccessor.newInstance(DirectConstructorHandleAccessor.java:62)
	at java.base/java.lang.reflect.Constructor.newInstanceWithCaller(Constructor.java:502)
	at java.base/java.lang.reflect.Constructor.newInstance(Constructor.java:486)
	at org.junit.jupiter.engine.extension.ScriptExecutionCondition$Evaluator.forName(ScriptExecutionCondition.java:153)
	at org.junit.jupiter.engine.extension.ScriptExecutionCondition$Evaluator.forName(ScriptExecutionCondition.java:133)
	at org.junit.jupiter.engine.extension.ScriptExecutionCondition.<init>(ScriptExecutionCondition.java:55)
	at org.junit.jupiter.engine.extension.ScriptExecutionCondition.<init>(ScriptExecutionCondition.java:50)
	at org.junit.jupiter.engine.extension.ExtensionRegistry.<clinit>(ExtensionRegistry.java:53)
	at org.junit.jupiter.engine.descriptor.JupiterEngineDescriptor.prepare(JupiterEngineDescriptor.java:52)
	at org.junit.jupiter.engine.descriptor.JupiterEngineDescriptor.prepare(JupiterEngineDescriptor.java:30)
	at org.junit.platform.engine.support.hierarchical.NodeTestTask.lambda$prepare$1(NodeTestTask.java:107)
	at org.junit.platform.engine.support.hierarchical.ThrowableCollector.execute(ThrowableCollector.java:73)
	at org.junit.platform.engine.support.hierarchical.NodeTestTask.prepare(NodeTestTask.java:107)
	at org.junit.platform.engine.support.hierarchical.NodeTestTask.execute(NodeTestTask.java:75)
	at org.junit.platform.engine.support.hierarchical.SameThreadHierarchicalTestExecutorService.submit(SameThreadHierarchicalTestExecutorService.java:32)
	at org.junit.platform.engine.support.hierarchical.HierarchicalTestExecutor.execute(HierarchicalTestExecutor.java:57)
	at org.junit.platform.engine.support.hierarchical.HierarchicalTestEngine.execute(HierarchicalTestEngine.java:51)
	at org.junit.platform.launcher.core.DefaultLauncher.execute(DefaultLauncher.java:229)
	at org.junit.platform.launcher.core.DefaultLauncher.lambda$execute$6(DefaultLauncher.java:197)
	at org.junit.platform.launcher.core.DefaultLauncher.withInterceptedStreams(DefaultLauncher.java:211)
	at org.junit.platform.launcher.core.DefaultLauncher.execute(DefaultLauncher.java:191)
	at org.junit.platform.launcher.core.DefaultLauncher.execute(DefaultLauncher.java:128)
	at org.apache.maven.surefire.junitplatform.JUnitPlatformProvider.execute(JUnitPlatformProvider.java:188)
	at org.apache.maven.surefire.junitplatform.JUnitPlatformProvider.invokeAllTests(JUnitPlatformProvider.java:154)
	at org.apache.maven.surefire.junitplatform.JUnitPlatformProvider.invoke(JUnitPlatformProvider.java:128)
	at org.apache.maven.surefire.booter.ForkedBooter.runSuitesInProcess(ForkedBooter.java:428)
	at org.apache.maven.surefire.booter.ForkedBooter.execute(ForkedBooter.java:162)
	at org.apache.maven.surefire.booter.ForkedBooter.run(ForkedBooter.java:562)
	at org.apache.maven.surefire.booter.ForkedBooter.main(ForkedBooter.java:548)
Caused by: java.io.IOException: Error while instrumenting javax/script/SimpleBindings.
	at org.jacoco.agent.rt.internal_1f1cc91.core.instr.Instrumenter.instrumentError(Instrumenter.java:170)
	at org.jacoco.agent.rt.internal_1f1cc91.core.instr.Instrumenter.instrument(Instrumenter.java:120)
	at org.jacoco.agent.rt.internal_1f1cc91.CoverageTransformer.transform(CoverageTransformer.java:91)
	... 44 more
Caused by: java.lang.IllegalArgumentException: Unsupported class file major version 65
	at org.jacoco.agent.rt.internal_1f1cc91.asm.ClassReader.<init>(ClassReader.java:184)
	at org.jacoco.agent.rt.internal_1f1cc91.asm.ClassReader.<init>(ClassReader.java:166)
	at org.jacoco.agent.rt.internal_1f1cc91.asm.ClassReader.<init>(ClassReader.java:152)
	at org.jacoco.agent.rt.internal_1f1cc91.core.internal.instr.InstrSupport.classReaderFor(InstrSupport.java:247)
	at org.jacoco.agent.rt.internal_1f1cc91.core.instr.Instrumenter.instrument(Instrumenter.java:86)
	at org.jacoco.agent.rt.internal_1f1cc91.core.instr.Instrumenter.instrument(Instrumenter.java:118)
	... 45 more
]]></system-err>
  </testcase>
  <testcase name="exportImportBlindSignature" classname="com.ibm.jgroupsig.GL19Test" time="0.026"/>
  <testcase name="joinSeq" classname="com.ibm.jgroupsig.GL19Test" time="0.003"/>
  <testcase name="signBytesAndVerifyFails" classname="com.ibm.jgroupsig.GL19Test" time="0.022"/>
  <testcase name="joinStart" classname="com.ibm.jgroupsig.GL19Test" time="0.004"/>
  <testcase name="exportImportPubBldKey" classname="com.ibm.jgroupsig.GL19Test" time="0.003"/>
  <testcase name="signStringAndVerifyFails" classname="com.ibm.jgroupsig.GL19Test" time="0.02"/>
  <testcase name="blindConvertUnblindCorrectlyDifferentMembers" classname="com.ibm.jgroupsig.GL19Test" time="0.045"/>
  <testcase name="exportImportSignature" classname="com.ibm.jgroupsig.GL19Test" time="0.021"/>
  <testcase name="exportImportBldKey" classname="com.ibm.jgroupsig.GL19Test" time="0.003"/>
  <testcase name="exportImportCnvKey" classname="com.ibm.jgroupsig.GL19Test" time="0.003"/>
  <testcase name="exportImportConvertedSignature" classname="com.ibm.jgroupsig.GL19Test" time="0.022"/>
  <testcase name="exportImportGrpKey" classname="com.ibm.jgroupsig.GL19Test" time="0.003"/>
  <testcase name="exportImportIssKey" classname="com.ibm.jgroupsig.GL19Test" time="0.002"/>
  <testcase name="exportImportMemKey" classname="com.ibm.jgroupsig.GL19Test" time="0.01"/>
  <testcase name="signStringAndVerifyCorrectly" classname="com.ibm.jgroupsig.GL19Test" time="0.019"/>
  <testcase name="blindConvertUnblindCorrectlySameMember" classname="com.ibm.jgroupsig.GL19Test" time="0.033"/>
  <testcase name="addsAMember" classname="com.ibm.jgroupsig.GL19Test" time="0.009"/>
  <testcase name="creationOfGroupShouldSetInternalAttributes" classname="com.ibm.jgroupsig.GL19Test" time="0.001"/>
  <testcase name="signBytesAndVerifyCorrectly" classname="com.ibm.jgroupsig.GL19Test" time="0.017"/>
</testsuite>